GROUP,PACKAGE,CLASS,INSTRUCTION_MISSED,INSTRUCTION_COVERED,BRANCH_MISSED,BRANCH_COVERED,LINE_MISSED,LINE_COVERED,COMPLEXITY_MISSED,COMPLEXITY_COVERED,METHOD_MISSED,METHOD_COVERED
prova-intermediaria,com.example.prova_intermediaria.web.dto,ErroResponse,0,6,0,0,0,1,0,1,0,1
prova-intermediaria,com.example.prova_intermediaria.web.dto,LivroRequest,0,3,0,0,0,1,0,1,0,1
prova-intermediaria,com.example.prova_intermediaria.web,LivroController,23,64,2,2,3,15,3,5,1,5
prova-intermediaria,com.example.prova_intermediaria.service,LivroService,0,32,0,2,0,9,0,5,0,4
prova-intermediaria,com.example.prova_intermediaria,ProvaIntermediariaApplication,5,3,0,0,2,1,1,1,1,1
prova-intermediaria,com.example.prova_intermediaria.model,Livro,0,52,1,1,0,16,1,14,0,14
